# JRE version: 7.0_15-b03
# Java VM: Java HotSpot(TM) 64-Bit Server VM (23.7-b01 mixed mode linux-amd64 compressed oops)
Heap
 def new generation   total 8192K, used 7117K [0x00000000e0200000, 0x00000000e0ae0000, 0x00000000e90a0000)
  eden space 7296K,  89% used [0x00000000e0200000, 0x00000000e085c978, 0x00000000e0920000)
  from space 896K,  67% used [0x00000000e0920000, 0x00000000e09b6c40, 0x00000000e0a00000)
  to   space 896K,   0% used [0x00000000e0a00000, 0x00000000e0a00000, 0x00000000e0ae0000)
 tenured generation   total 18240K, used 1551K [0x00000000e90a0000, 0x00000000ea270000, 0x00000000fae00000)
   the space 18240K,   8% used [0x00000000e90a0000, 0x00000000e9223ce8, 0x00000000e9223e00, 0x00000000ea270000)
 compacting perm gen  total 21248K, used 12029K [0x00000000fae00000, 0x00000000fc2c0000, 0x0000000100000000)
   the space 21248K,  56% used [0x00000000fae00000, 0x00000000fb9bf6a8, 0x00000000fb9bf800, 0x00000000fc2c0000)
GC Heap History (10 events):
Event: 4.139 GC heap before
{Heap before GC invocations=5 (full 0):
 def new generation   total 8192K, used 7682K [0x00000000e0200000, 0x00000000e0ae0000, 0x00000000e90a0000)
  eden space 7296K, 100% used [0x00000000e0200000, 0x00000000e0920000, 0x00000000e0920000)
  from space 896K,  43% used [0x00000000e0a00000, 0x00000000e0a60950, 0x00000000e0ae0000)
  to   space 896K,   0% used [0x00000000e0920000, 0x00000000e0920000, 0x00000000e0a00000)
 tenured generation   total 18240K, used 820K [0x00000000e90a0000, 0x00000000ea270000, 0x00000000fae00000)
   the space 18240K,   4% used [0x00000000e90a0000, 0x00000000e916d0a0, 0x00000000e916d200, 0x00000000ea270000)
 compacting perm gen  total 21248K, used 7156K [0x00000000fae00000, 0x00000000fc2c0000, 0x0000000100000000)
   the space 21248K,  33% used [0x00000000fae00000, 0x00000000fb4fd1f8, 0x00000000fb4fd200, 0x00000000fc2c0000)
No shared spaces configured.
Event: 4.143 GC heap after
Heap after GC invocations=6 (full 0):
 def new generation   total 8192K, used 531K [0x00000000e0200000, 0x00000000e0ae0000, 0x00000000e90a0000)
  eden space 7296K,   0% used [0x00000000e0200000, 0x00000000e0200000, 0x00000000e0920000)
  from space 896K,  59% used [0x00000000e0920000, 0x00000000e09a4d98, 0x00000000e0a00000)
  to   space 896K,   0% used [0x00000000e0a00000, 0x00000000e0a00000, 0x00000000e0ae0000)
 tenured generation   total 18240K, used 820K [0x00000000e90a0000, 0x00000000ea270000, 0x00000000fae00000)
   the space 18240K,   4% used [0x00000000e90a0000, 0x00000000e916d0a0, 0x00000000e916d200, 0x00000000ea270000)
 compacting perm gen  total 21248K, used 7156K [0x00000000fae00000, 0x00000000fc2c0000, 0x0000000100000000)
   the space 21248K,  33% used [0x00000000fae00000, 0x00000000fb4fd1f8, 0x00000000fb4fd200, 0x00000000fc2c0000)
No shared spaces configured.
}
Event: 5.027 GC heap before
{Heap before GC invocations=6 (full 0):
 def new generation   total 8192K, used 7827K [0x00000000e0200000, 0x00000000e0ae0000, 0x00000000e90a0000)
  eden space 7296K, 100% used [0x00000000e0200000, 0x00000000e0920000, 0x00000000e0920000)
  from space 896K,  59% used [0x00000000e0920000, 0x00000000e09a4d98, 0x00000000e0a00000)
  to   space 896K,   0% used [0x00000000e0a00000, 0x00000000e0a00000, 0x00000000e0ae0000)
 tenured generation   total 18240K, used 820K [0x00000000e90a0000, 0x00000000ea270000, 0x00000000fae00000)
   the space 18240K,   4% used [0x00000000e90a0000, 0x00000000e916d0a0, 0x00000000e916d200, 0x00000000ea270000)
 compacting perm gen  total 21248K, used 7586K [0x00000000fae00000, 0x00000000fc2c0000, 0x0000000100000000)
   the space 21248K,  35% used [0x00000000fae00000, 0x00000000fb5689d8, 0x00000000fb568a00, 0x00000000fc2c0000)
No shared spaces configured.
Event: 5.031 GC heap after
Heap after GC invocations=7 (full 0):
 def new generation   total 8192K, used 354K [0x00000000e0200000, 0x00000000e0ae0000, 0x00000000e90a0000)
  eden space 7296K,   0% used [0x00000000e0200000, 0x00000000e0200000, 0x00000000e0920000)
  from space 896K,  39% used [0x00000000e0a00000, 0x00000000e0a58a50, 0x00000000e0ae0000)
  to   space 896K,   0% used [0x00000000e0920000, 0x00000000e0920000, 0x00000000e0a00000)
 tenured generation   total 18240K, used 1013K [0x00000000e90a0000, 0x00000000ea270000, 0x00000000fae00000)
   the space 18240K,   5% used [0x00000000e90a0000, 0x00000000e919d6a0, 0x00000000e919d800, 0x00000000ea270000)
 compacting perm gen  total 21248K, used 7586K [0x00000000fae00000, 0x00000000fc2c0000, 0x0000000100000000)
   the space 21248K,  35% used [0x00000000fae00000, 0x00000000fb5689d8, 0x00000000fb568a00, 0x00000000fc2c0000)
No shared spaces configured.
}
Event: 5.452 GC heap before
{Heap before GC invocations=7 (full 0):
 def new generation   total 8192K, used 7650K [0x00000000e0200000, 0x00000000e0ae0000, 0x00000000e90a0000)
  eden space 7296K, 100% used [0x00000000e0200000, 0x00000000e0920000, 0x00000000e0920000)
  from space 896K,  39% used [0x00000000e0a00000, 0x00000000e0a58a50, 0x00000000e0ae0000)
  to   space 896K,   0% used [0x00000000e0920000, 0x00000000e0920000, 0x00000000e0a00000)
 tenured generation   total 18240K, used 1013K [0x00000000e90a0000, 0x00000000ea270000, 0x00000000fae00000)
   the space 18240K,   5% used [0x00000000e90a0000, 0x00000000e919d6a0, 0x00000000e919d800, 0x00000000ea270000)
 compacting perm gen  total 21248K, used 7932K [0x00000000fae00000, 0x00000000fc2c0000, 0x0000000100000000)
   the space 21248K,  37% used [0x00000000fae00000, 0x00000000fb5bf0e0, 0x00000000fb5bf200, 0x00000000fc2c0000)
No shared spaces configured.
Event: 5.455 GC heap after
Heap after GC invocations=8 (full 0):
 def new generation   total 8192K, used 569K [0x00000000e0200000, 0x00000000e0ae0000, 0x00000000e90a0000)
  eden space 7296K,   0% used [0x00000000e0200000, 0x00000000e0200000, 0x00000000e0920000)
  from space 896K,  63% used [0x00000000e0920000, 0x00000000e09ae710, 0x00000000e0a00000)
  to   space 896K,   0% used [0x00000000e0a00000, 0x00000000e0a00000, 0x00000000e0ae0000)
 tenured generation   total 18240K, used 1013K [0x00000000e90a0000, 0x00000000ea270000, 0x00000000fae00000)
   the space 18240K,   5% used [0x00000000e90a0000, 0x00000000e919d6a0, 0x00000000e919d800, 0x00000000ea270000)
 compacting perm gen  total 21248K, used 7932K [0x00000000fae00000, 0x00000000fc2c0000, 0x0000000100000000)
   the space 21248K,  37% used [0x00000000fae00000, 0x00000000fb5bf0e0, 0x00000000fb5bf200, 0x00000000fc2c0000)
No shared spaces configured.
}
Event: 5.697 GC heap before
{Heap before GC invocations=8 (full 0):
 def new generation   total 8192K, used 7865K [0x00000000e0200000, 0x00000000e0ae0000, 0x00000000e90a0000)
  eden space 7296K, 100% used [0x00000000e0200000, 0x00000000e0920000, 0x00000000e0920000)
  from space 896K,  63% used [0x00000000e0920000, 0x00000000e09ae710, 0x00000000e0a00000)
  to   space 896K,   0% used [0x00000000e0a00000, 0x00000000e0a00000, 0x00000000e0ae0000)
 tenured generation   total 18240K, used 1013K [0x00000000e90a0000, 0x00000000ea270000, 0x00000000fae00000)
   the space 18240K,   5% used [0x00000000e90a0000, 0x00000000e919d6a0, 0x00000000e919d800, 0x00000000ea270000)
 compacting perm gen  total 21248K, used 8514K [0x00000000fae00000, 0x00000000fc2c0000, 0x0000000100000000)
   the space 21248K,  40% used [0x00000000fae00000, 0x00000000fb650828, 0x00000000fb650a00, 0x00000000fc2c0000)
No shared spaces configured.
Event: 5.702 GC heap after
Heap after GC invocations=9 (full 0):
 def new generation   total 8192K, used 669K [0x00000000e0200000, 0x00000000e0ae0000, 0x00000000e90a0000)
  eden space 7296K,   0% used [0x00000000e0200000, 0x00000000e0200000, 0x00000000e0920000)
  from space 896K,  74% used [0x00000000e0a00000, 0x00000000e0aa7608, 0x00000000e0ae0000)
  to   space 896K,   0% used [0x00000000e0920000, 0x00000000e0920000, 0x00000000e0a00000)
 tenured generation   total 18240K, used 1215K [0x00000000e90a0000, 0x00000000ea270000, 0x00000000fae00000)
   the space 18240K,   6% used [0x00000000e90a0000, 0x00000000e91cfed8, 0x00000000e91d0000, 0x00000000ea270000)
 compacting perm gen  total 21248K, used 8514K [0x00000000fae00000, 0x00000000fc2c0000, 0x0000000100000000)
   the space 21248K,  40% used [0x00000000fae00000, 0x00000000fb650828, 0x00000000fb650a00, 0x00000000fc2c0000)
No shared spaces configured.
}
Event: 6.205 GC heap before
{Heap before GC invocations=9 (full 0):
 def new generation   total 8192K, used 7965K [0x00000000e0200000, 0x00000000e0ae0000, 0x00000000e90a0000)
  eden space 7296K, 100% used [0x00000000e0200000, 0x00000000e0920000, 0x00000000e0920000)
  from space 896K,  74% used [0x00000000e0a00000, 0x00000000e0aa7608, 0x00000000e0ae0000)
  to   space 896K,   0% used [0x00000000e0920000, 0x00000000e0920000, 0x00000000e0a00000)
 tenured generation   total 18240K, used 1215K [0x00000000e90a0000, 0x00000000ea270000, 0x00000000fae00000)
   the space 18240K,   6% used [0x00000000e90a0000, 0x00000000e91cfed8, 0x00000000e91d0000, 0x00000000ea270000)
 compacting perm gen  total 21248K, used 9220K [0x00000000fae00000, 0x00000000fc2c0000, 0x0000000100000000)
   the space 21248K,  43% used [0x00000000fae00000, 0x00000000fb7011c8, 0x00000000fb701200, 0x00000000fc2c0000)
No shared spaces configured.
Event: 6.210 GC heap after
Heap after GC invocations=10 (full 0):
 def new generation   total 8192K, used 603K [0x00000000e0200000, 0x00000000e0ae0000, 0x00000000e90a0000)
  eden space 7296K,   0% used [0x00000000e0200000, 0x00000000e0200000, 0x00000000e0920000)
  from space 896K,  67% used [0x00000000e0920000, 0x00000000e09b6c40, 0x00000000e0a00000)
  to   space 896K,   0% used [0x00000000e0a00000, 0x00000000e0a00000, 0x00000000e0ae0000)
 tenured generation   total 18240K, used 1551K [0x00000000e90a0000, 0x00000000ea270000, 0x00000000fae00000)
   the space 18240K,   8% used [0x00000000e90a0000, 0x00000000e9223ce8, 0x00000000e9223e00, 0x00000000ea270000)
 compacting perm gen  total 21248K, used 9220K [0x00000000fae00000, 0x00000000fc2c0000, 0x0000000100000000)
   the space 21248K,  43% used [0x00000000fae00000, 0x00000000fb7011c8, 0x00000000fb701200, 0x00000000fc2c0000)
No shared spaces configured.
}

